<?xml version="1.0" encoding="UTF-8"?>
<!-- Generated by org.testng.reporters.JUnitReportReporter -->
<testsuite hostname="DELL" failures="0" tests="1" name="webapp.chrome_press" time="20.263" errors="0" timestamp="2022-12-06T11:04:30 IST" skipped="0">
  <testcase classname="webapp.chrome_press" name="t" time="20.263"/>
  <system-out/>
</testsuite> <!-- webapp.chrome_press -->
