<?xml version="1.0" encoding="UTF-8"?>
<!-- Generated by org.testng.reporters.JUnitReportReporter -->
<testsuite hostname="DELL" failures="0" tests="1" name="webapp.tapLongPress" time="16.296" errors="0" timestamp="2022-12-05T17:52:29 IST" skipped="0">
  <testcase classname="webapp.tapLongPress" name="t" time="16.296"/>
  <system-out/>
</testsuite> <!-- webapp.tapLongPress -->
