<?xml version="1.0" encoding="UTF-8"?>
<!-- Generated by org.testng.reporters.JUnitReportReporter -->
<testsuite hostname="DELL" failures="0" tests="1" name="webapp.run" time="37.681" errors="0" timestamp="2022-12-01T12:00:43 IST" skipped="0">
  <testcase classname="webapp.run" name="t" time="37.681"/>
  <system-out/>
</testsuite> <!-- webapp.run -->
