<?xml version="1.0" encoding="UTF-8"?>
<!-- Generated by org.testng.reporters.JUnitReportReporter -->
<testsuite hostname="DELL" failures="0" tests="1" name="webapp.orangeApp" time="64.042" errors="0" timestamp="2022-12-01T14:59:47 IST" skipped="0">
  <testcase classname="webapp.orangeApp" name="t" time="64.042"/>
  <system-out/>
</testsuite> <!-- webapp.orangeApp -->
