<?xml version="1.0" encoding="UTF-8"?>
<!-- Generated by org.testng.reporters.JUnitReportReporter -->
<testsuite hostname="DELL" failures="0" tests="1" name="webapp.scroll" time="11.346" errors="0" timestamp="2022-12-05T17:28:50 IST" skipped="0">
  <testcase classname="webapp.scroll" name="t" time="11.346"/>
  <system-out/>
</testsuite> <!-- webapp.scroll -->
