<?xml version="1.0" encoding="UTF-8"?>
<!-- Generated by org.testng.reporters.JUnitReportReporter -->
<testsuite hostname="DELL" failures="0" tests="1" name="webapp.youtube" time="3.037" errors="0" timestamp="2022-12-05T18:16:01 IST" skipped="0">
  <testcase classname="webapp.youtube" name="t" time="3.037"/>
  <system-out/>
</testsuite> <!-- webapp.youtube -->
