<?xml version="1.0" encoding="UTF-8"?>
<!-- Generated by org.testng.reporters.JUnitReportReporter -->
<testsuite hostname="DELL" failures="0" tests="1" name="webapp.appLongpress" time="16.874" errors="0" timestamp="2022-12-05T19:08:18 IST" skipped="0">
  <testcase classname="webapp.appLongpress" name="t" time="16.874"/>
  <system-out/>
</testsuite> <!-- webapp.appLongpress -->
