<?xml version="1.0" encoding="UTF-8"?>
<!-- Generated by org.testng.reporters.JUnitReportReporter -->
<testsuite hostname="DELL" failures="0" tests="1" name="webapp.opennotifications" time="3.482" errors="0" timestamp="2022-12-05T18:54:12 IST" skipped="0">
  <testcase classname="webapp.opennotifications" name="t" time="3.482"/>
  <system-out/>
</testsuite> <!-- webapp.opennotifications -->
