<?xml version="1.0" encoding="UTF-8"?>
<!-- Generated by org.testng.reporters.JUnitReportReporter -->
<testsuite hostname="DELL" failures="0" tests="1" name="webapp.gen_store" time="22.764" errors="0" timestamp="2022-12-08T12:17:02 IST" skipped="0">
  <testcase classname="webapp.gen_store" name="positivecase" time="22.764"/>
  <system-out/>
</testsuite> <!-- webapp.gen_store -->
