<?xml version="1.0" encoding="UTF-8"?>
<!-- Generated by org.testng.reporters.JUnitReportReporter -->
<testsuite hostname="DELL" failures="0" tests="1" name="webapp.combined" time="12.097" errors="0" timestamp="2022-11-30T17:47:23 IST" skipped="0">
  <testcase classname="webapp.combined" name="t" time="12.097"/>
  <system-out/>
</testsuite> <!-- webapp.combined -->
