<?xml version="1.0" encoding="UTF-8"?>
<!-- Generated by org.testng.reporters.JUnitReportReporter -->
<testsuite hostname="DELL" failures="0" tests="1" name="webapp.drag_drop" time="10.768" errors="0" timestamp="2022-12-06T13:12:50 IST" skipped="0">
  <testcase classname="webapp.drag_drop" name="t" time="10.768"/>
  <system-out/>
</testsuite> <!-- webapp.drag_drop -->
