<?xml version="1.0" encoding="UTF-8"?>
<!-- Generated by org.testng.reporters.JUnitReportReporter -->
<testsuite hostname="DELL" failures="0" tests="2" name="webapp.HybridApps" time="22.930" errors="0" timestamp="2022-12-08T12:57:21 IST" skipped="1">
  <testcase classname="webapp.HybridApps" name="positivecase" time="22.930"/>
  <system-out/>
  <testcase classname="webapp.HybridApps" name="negativecase">
    <skipped/>
  </testcase> <!-- negativecase -->
  <system-out/>
</testsuite> <!-- webapp.HybridApps -->
