<?xml version="1.0" encoding="UTF-8"?>
<!-- Generated by org.testng.reporters.JUnitReportReporter -->
<testsuite hostname="DELL" failures="0" tests="1" name="webapp.sms" time="18.665" errors="0" timestamp="2022-12-06T17:58:46 IST" skipped="0">
  <testcase classname="webapp.sms" name="t" time="18.665"/>
  <system-out/>
</testsuite> <!-- webapp.sms -->
