<?xml version="1.0" encoding="UTF-8"?>
<!-- Generated by org.testng.reporters.JUnitReportReporter -->
<testsuite hostname="DELL" failures="0" tests="2" name="webapp.swipeOptions" time="17.618" errors="0" timestamp="2022-12-06T14:51:45 IST" skipped="1">
  <testcase classname="webapp.swipeOptions" name="t2" time="17.618"/>
  <system-out/>
  <testcase classname="webapp.swipeOptions" name="t">
    <skipped/>
  </testcase> <!-- t -->
  <system-out/>
</testsuite> <!-- webapp.swipeOptions -->
