<?xml version="1.0" encoding="UTF-8"?>
<!-- Generated by org.testng.reporters.JUnitReportReporter -->
<testsuite hostname="DELL" failures="0" tests="1" name="webapp.nativeapp" time="22.689" errors="0" timestamp="2022-12-05T11:23:40 IST" skipped="0">
  <testcase classname="webapp.nativeapp" name="t" time="22.689"/>
  <system-out/>
</testsuite> <!-- webapp.nativeapp -->
